<?xml version="1.0" encoding="UTF-8"?>
<mappings xmlns="http://dozer.sourceforge.net"
          xmlns:xsi="http://www.w3.org/2001/XMLSchema-instance"
          xsi:schemaLocation="http://dozer.sourceforge.net
          http://dozer.sourceforge.net/schema/beanmapping.xsd">
<!--

    <mapping>
        <class-a>org.dozer.vo.TestObject</class-a>
        <class-b>org.dozer.vo.TestObjectPrime</class-b>
        <field>
            <a>one</a>
            <b>onePrime</b>
        </field>
    </mapping>

    <mapping wildcard="false">
        <class-a>org.dozer.vo.TestObjectFoo</class-a>
        <class-b>org.dozer.vo.TestObjectFooPrime</class-b>
        <field>
            <a>oneFoo</a>
            <b>oneFooPrime</b>
        </field>
    </mapping>
-->

</mappings>